
*** Running vivado
    with args -log design_1_axis_array_0_0.vds -m64 -product Vivado -mode batch -messageDb vivado.pb -notrace -source design_1_axis_array_0_0.tcl


****** Vivado v2017.4 (64-bit)
  **** SW Build 2086221 on Fri Dec 15 20:54:30 MST 2017
  **** IP Build 2085800 on Fri Dec 15 22:25:07 MST 2017
    ** Copyright 1986-2017 Xilinx, Inc. All Rights Reserved.

source design_1_axis_array_0_0.tcl -notrace
Command: synth_design -top design_1_axis_array_0_0 -part xc7z020clg400-1 -mode out_of_context
Starting synth_design
Attempting to get a license for feature 'Synthesis' and/or device 'xc7z020'
INFO: [Common 17-349] Got license for feature 'Synthesis' and/or device 'xc7z020'
INFO: Launching helper process for spawning children vivado processes
INFO: Helper process launched with PID 20375 
---------------------------------------------------------------------------------
Starting RTL Elaboration : Time (s): cpu = 00:00:07 ; elapsed = 00:00:07 . Memory (MB): peak = 1262.430 ; gain = 83.000 ; free physical = 159 ; free virtual = 17918
---------------------------------------------------------------------------------
INFO: [Synth 8-638] synthesizing module 'design_1_axis_array_0_0' [/home/icedaq/code/project2/array_design/array_design.srcs/sources_1/bd/design_1/ip/design_1_axis_array_0_0/synth/design_1_axis_array_0_0.v:56]
INFO: [Synth 8-638] synthesizing module 'axis_array_v1_0' [/home/icedaq/code/project2/array_design/array_design.srcs/sources_1/bd/design_1/ipshared/00a6/hdl/axis_array_v1_0.v:12]
	Parameter ADDR_WIDTH bound to: 12 - type: integer 
	Parameter C_AXIS_TDATA_WIDTH bound to: 32 - type: integer 
	Parameter C_M00_AXIS_TDATA_WIDTH bound to: 32 - type: integer 
	Parameter C_S00_AXIS_TDATA_WIDTH bound to: 32 - type: integer 
	Parameter C_M00_AXIS_START_COUNT bound to: 32 - type: integer 
WARNING: [Synth 8-3936] Found unconnected internal register 'm00_data_reg_reg' and it is trimmed from '34' to '33' bits. [/home/icedaq/code/project2/array_design/array_design.srcs/sources_1/bd/design_1/ipshared/00a6/hdl/axis_array_v1_0.v:64]
WARNING: [Synth 8-3848] Net m00_axis_tstrb in module/entity axis_array_v1_0 does not have driver. [/home/icedaq/code/project2/array_design/array_design.srcs/sources_1/bd/design_1/ipshared/00a6/hdl/axis_array_v1_0.v:42]
INFO: [Synth 8-256] done synthesizing module 'axis_array_v1_0' (1#1) [/home/icedaq/code/project2/array_design/array_design.srcs/sources_1/bd/design_1/ipshared/00a6/hdl/axis_array_v1_0.v:12]
INFO: [Synth 8-256] done synthesizing module 'design_1_axis_array_0_0' (2#1) [/home/icedaq/code/project2/array_design/array_design.srcs/sources_1/bd/design_1/ip/design_1_axis_array_0_0/synth/design_1_axis_array_0_0.v:56]
WARNING: [Synth 8-3331] design axis_array_v1_0 has unconnected port m00_axis_tstrb[3]
WARNING: [Synth 8-3331] design axis_array_v1_0 has unconnected port m00_axis_tstrb[2]
WARNING: [Synth 8-3331] design axis_array_v1_0 has unconnected port m00_axis_tstrb[1]
WARNING: [Synth 8-3331] design axis_array_v1_0 has unconnected port m00_axis_tstrb[0]
WARNING: [Synth 8-3331] design axis_array_v1_0 has unconnected port s00_axis_tstrb[3]
WARNING: [Synth 8-3331] design axis_array_v1_0 has unconnected port s00_axis_tstrb[2]
WARNING: [Synth 8-3331] design axis_array_v1_0 has unconnected port s00_axis_tstrb[1]
WARNING: [Synth 8-3331] design axis_array_v1_0 has unconnected port s00_axis_tstrb[0]
WARNING: [Synth 8-3331] design axis_array_v1_0 has unconnected port m00_axis_aresetn
WARNING: [Synth 8-3331] design axis_array_v1_0 has unconnected port m00_axis_tready
---------------------------------------------------------------------------------
Finished RTL Elaboration : Time (s): cpu = 00:00:07 ; elapsed = 00:00:08 . Memory (MB): peak = 1303.961 ; gain = 124.531 ; free physical = 228 ; free virtual = 17935
---------------------------------------------------------------------------------

Report Check Netlist: 
+------+------------------+-------+---------+-------+------------------+
|      |Item              |Errors |Warnings |Status |Description       |
+------+------------------+-------+---------+-------+------------------+
|1     |multi_driven_nets |      0|        0|Passed |Multi driven nets |
+------+------------------+-------+---------+-------+------------------+
---------------------------------------------------------------------------------
Finished RTL Optimization Phase 1 : Time (s): cpu = 00:00:07 ; elapsed = 00:00:08 . Memory (MB): peak = 1303.961 ; gain = 124.531 ; free physical = 229 ; free virtual = 17936
---------------------------------------------------------------------------------
INFO: [Device 21-403] Loading part xc7z020clg400-1
INFO: [Project 1-570] Preparing netlist for logic optimization

Processing XDC Constraints
Initializing timing engine
Completed Processing XDC Constraints

INFO: [Project 1-111] Unisim Transformation Summary:
No Unisim elements were transformed.

Constraint Validation Runtime : Time (s): cpu = 00:00:00 ; elapsed = 00:00:00 . Memory (MB): peak = 1671.977 ; gain = 0.000 ; free physical = 166 ; free virtual = 17684
---------------------------------------------------------------------------------
Finished Constraint Validation : Time (s): cpu = 00:00:21 ; elapsed = 00:00:34 . Memory (MB): peak = 1671.977 ; gain = 492.547 ; free physical = 231 ; free virtual = 17753
---------------------------------------------------------------------------------
---------------------------------------------------------------------------------
Start Loading Part and Timing Information
---------------------------------------------------------------------------------
Loading part: xc7z020clg400-1
---------------------------------------------------------------------------------
Finished Loading Part and Timing Information : Time (s): cpu = 00:00:21 ; elapsed = 00:00:34 . Memory (MB): peak = 1671.977 ; gain = 492.547 ; free physical = 231 ; free virtual = 17753
---------------------------------------------------------------------------------
---------------------------------------------------------------------------------
Start Applying 'set_property' XDC Constraints
---------------------------------------------------------------------------------
---------------------------------------------------------------------------------
Finished applying 'set_property' XDC Constraints : Time (s): cpu = 00:00:21 ; elapsed = 00:00:34 . Memory (MB): peak = 1671.977 ; gain = 492.547 ; free physical = 233 ; free virtual = 17755
---------------------------------------------------------------------------------
---------------------------------------------------------------------------------
Finished RTL Optimization Phase 2 : Time (s): cpu = 00:00:21 ; elapsed = 00:00:34 . Memory (MB): peak = 1671.977 ; gain = 492.547 ; free physical = 225 ; free virtual = 17747
---------------------------------------------------------------------------------

Report RTL Partitions: 
+-+--------------+------------+----------+
| |RTL Partition |Replication |Instances |
+-+--------------+------------+----------+
+-+--------------+------------+----------+
---------------------------------------------------------------------------------
Start RTL Component Statistics 
---------------------------------------------------------------------------------
Detailed RTL Component Info : 
+---Registers : 
	               33 Bit    Registers := 1     
---------------------------------------------------------------------------------
Finished RTL Component Statistics 
---------------------------------------------------------------------------------
---------------------------------------------------------------------------------
Start RTL Hierarchical Component Statistics 
---------------------------------------------------------------------------------
Hierarchical RTL Component report 
Module axis_array_v1_0 
Detailed RTL Component Info : 
+---Registers : 
	               33 Bit    Registers := 1     
---------------------------------------------------------------------------------
Finished RTL Hierarchical Component Statistics
---------------------------------------------------------------------------------
---------------------------------------------------------------------------------
Start Part Resource Summary
---------------------------------------------------------------------------------
Part Resources:
DSPs: 220 (col length:60)
BRAMs: 280 (col length: RAMB18 60 RAMB36 30)
---------------------------------------------------------------------------------
Finished Part Resource Summary
---------------------------------------------------------------------------------
---------------------------------------------------------------------------------
Start Cross Boundary and Area Optimization
---------------------------------------------------------------------------------
INFO: [Synth 8-3917] design design_1_axis_array_0_0 has port m00_axis_tvalid driven by constant 1
INFO: [Synth 8-3917] design design_1_axis_array_0_0 has port s00_axis_tready driven by constant 1
WARNING: [Synth 8-3331] design design_1_axis_array_0_0 has unconnected port m00_axis_tstrb[3]
WARNING: [Synth 8-3331] design design_1_axis_array_0_0 has unconnected port m00_axis_tstrb[2]
WARNING: [Synth 8-3331] design design_1_axis_array_0_0 has unconnected port m00_axis_tstrb[1]
WARNING: [Synth 8-3331] design design_1_axis_array_0_0 has unconnected port m00_axis_tstrb[0]
WARNING: [Synth 8-3331] design design_1_axis_array_0_0 has unconnected port m00_axis_tready
WARNING: [Synth 8-3331] design design_1_axis_array_0_0 has unconnected port m00_axis_aresetn
WARNING: [Synth 8-3331] design design_1_axis_array_0_0 has unconnected port s00_axis_tstrb[3]
WARNING: [Synth 8-3331] design design_1_axis_array_0_0 has unconnected port s00_axis_tstrb[2]
WARNING: [Synth 8-3331] design design_1_axis_array_0_0 has unconnected port s00_axis_tstrb[1]
WARNING: [Synth 8-3331] design design_1_axis_array_0_0 has unconnected port s00_axis_tstrb[0]
INFO: [Synth 8-3886] merging instance 'inst/m00_data_reg_reg[32]' (FD) to 'inst/m00_data_reg_reg[0]'
INFO: [Synth 8-3886] merging instance 'inst/m00_data_reg_reg[0]' (FD) to 'inst/m00_data_reg_reg[1]'
INFO: [Synth 8-3886] merging instance 'inst/m00_data_reg_reg[1]' (FD) to 'inst/m00_data_reg_reg[2]'
INFO: [Synth 8-3886] merging instance 'inst/m00_data_reg_reg[2]' (FD) to 'inst/m00_data_reg_reg[3]'
INFO: [Synth 8-3886] merging instance 'inst/m00_data_reg_reg[3]' (FD) to 'inst/m00_data_reg_reg[4]'
INFO: [Synth 8-3886] merging instance 'inst/m00_data_reg_reg[4]' (FD) to 'inst/m00_data_reg_reg[5]'
INFO: [Synth 8-3886] merging instance 'inst/m00_data_reg_reg[5]' (FD) to 'inst/m00_data_reg_reg[6]'
INFO: [Synth 8-3886] merging instance 'inst/m00_data_reg_reg[6]' (FD) to 'inst/m00_data_reg_reg[7]'
INFO: [Synth 8-3886] merging instance 'inst/m00_data_reg_reg[7]' (FD) to 'inst/m00_data_reg_reg[8]'
INFO: [Synth 8-3886] merging instance 'inst/m00_data_reg_reg[8]' (FD) to 'inst/m00_data_reg_reg[9]'
INFO: [Synth 8-3886] merging instance 'inst/m00_data_reg_reg[9]' (FD) to 'inst/m00_data_reg_reg[10]'
INFO: [Synth 8-3886] merging instance 'inst/m00_data_reg_reg[10]' (FD) to 'inst/m00_data_reg_reg[11]'
INFO: [Synth 8-3886] merging instance 'inst/m00_data_reg_reg[11]' (FD) to 'inst/m00_data_reg_reg[12]'
INFO: [Synth 8-3886] merging instance 'inst/m00_data_reg_reg[12]' (FD) to 'inst/m00_data_reg_reg[13]'
INFO: [Synth 8-3886] merging instance 'inst/m00_data_reg_reg[13]' (FD) to 'inst/m00_data_reg_reg[14]'
INFO: [Synth 8-3886] merging instance 'inst/m00_data_reg_reg[14]' (FD) to 'inst/m00_data_reg_reg[15]'
INFO: [Synth 8-3886] merging instance 'inst/m00_data_reg_reg[15]' (FD) to 'inst/m00_data_reg_reg[16]'
INFO: [Synth 8-3886] merging instance 'inst/m00_data_reg_reg[16]' (FD) to 'inst/m00_data_reg_reg[17]'
INFO: [Synth 8-3886] merging instance 'inst/m00_data_reg_reg[17]' (FD) to 'inst/m00_data_reg_reg[18]'
INFO: [Synth 8-3886] merging instance 'inst/m00_data_reg_reg[18]' (FD) to 'inst/m00_data_reg_reg[19]'
INFO: [Synth 8-3886] merging instance 'inst/m00_data_reg_reg[19]' (FD) to 'inst/m00_data_reg_reg[20]'
INFO: [Synth 8-3886] merging instance 'inst/m00_data_reg_reg[20]' (FD) to 'inst/m00_data_reg_reg[21]'
INFO: [Synth 8-3886] merging instance 'inst/m00_data_reg_reg[21]' (FD) to 'inst/m00_data_reg_reg[22]'
INFO: [Synth 8-3886] merging instance 'inst/m00_data_reg_reg[22]' (FD) to 'inst/m00_data_reg_reg[23]'
INFO: [Synth 8-3886] merging instance 'inst/m00_data_reg_reg[23]' (FD) to 'inst/m00_data_reg_reg[24]'
INFO: [Synth 8-3886] merging instance 'inst/m00_data_reg_reg[24]' (FD) to 'inst/m00_data_reg_reg[25]'
INFO: [Synth 8-3886] merging instance 'inst/m00_data_reg_reg[25]' (FD) to 'inst/m00_data_reg_reg[26]'
INFO: [Synth 8-3886] merging instance 'inst/m00_data_reg_reg[26]' (FD) to 'inst/m00_data_reg_reg[27]'
INFO: [Synth 8-3886] merging instance 'inst/m00_data_reg_reg[27]' (FD) to 'inst/m00_data_reg_reg[28]'
INFO: [Synth 8-3886] merging instance 'inst/m00_data_reg_reg[28]' (FD) to 'inst/m00_data_reg_reg[29]'
INFO: [Synth 8-3886] merging instance 'inst/m00_data_reg_reg[29]' (FD) to 'inst/m00_data_reg_reg[30]'
INFO: [Synth 8-3886] merging instance 'inst/m00_data_reg_reg[30]' (FD) to 'inst/m00_data_reg_reg[31]'
INFO: [Synth 8-3333] propagating constant 0 across sequential element (\inst/m00_data_reg_reg[31] )
INFO: [Synth 8-3332] Sequential element (inst/store_reg[32]) is unused and will be removed from module design_1_axis_array_0_0.
INFO: [Synth 8-3332] Sequential element (inst/store_reg[31]) is unused and will be removed from module design_1_axis_array_0_0.
INFO: [Synth 8-3332] Sequential element (inst/store_reg[30]) is unused and will be removed from module design_1_axis_array_0_0.
INFO: [Synth 8-3332] Sequential element (inst/store_reg[29]) is unused and will be removed from module design_1_axis_array_0_0.
INFO: [Synth 8-3332] Sequential element (inst/store_reg[28]) is unused and will be removed from module design_1_axis_array_0_0.
INFO: [Synth 8-3332] Sequential element (inst/store_reg[27]) is unused and will be removed from module design_1_axis_array_0_0.
INFO: [Synth 8-3332] Sequential element (inst/store_reg[26]) is unused and will be removed from module design_1_axis_array_0_0.
INFO: [Synth 8-3332] Sequential element (inst/store_reg[25]) is unused and will be removed from module design_1_axis_array_0_0.
INFO: [Synth 8-3332] Sequential element (inst/store_reg[24]) is unused and will be removed from module design_1_axis_array_0_0.
INFO: [Synth 8-3332] Sequential element (inst/store_reg[23]) is unused and will be removed from module design_1_axis_array_0_0.
INFO: [Synth 8-3332] Sequential element (inst/store_reg[22]) is unused and will be removed from module design_1_axis_array_0_0.
INFO: [Synth 8-3332] Sequential element (inst/store_reg[21]) is unused and will be removed from module design_1_axis_array_0_0.
INFO: [Synth 8-3332] Sequential element (inst/store_reg[20]) is unused and will be removed from module design_1_axis_array_0_0.
INFO: [Synth 8-3332] Sequential element (inst/store_reg[19]) is unused and will be removed from module design_1_axis_array_0_0.
INFO: [Synth 8-3332] Sequential element (inst/store_reg[18]) is unused and will be removed from module design_1_axis_array_0_0.
INFO: [Synth 8-3332] Sequential element (inst/store_reg[17]) is unused and will be removed from module design_1_axis_array_0_0.
INFO: [Synth 8-3332] Sequential element (inst/store_reg[16]) is unused and will be removed from module design_1_axis_array_0_0.
INFO: [Synth 8-3332] Sequential element (inst/store_reg[15]) is unused and will be removed from module design_1_axis_array_0_0.
INFO: [Synth 8-3332] Sequential element (inst/store_reg[14]) is unused and will be removed from module design_1_axis_array_0_0.
INFO: [Synth 8-3332] Sequential element (inst/store_reg[13]) is unused and will be removed from module design_1_axis_array_0_0.
INFO: [Synth 8-3332] Sequential element (inst/store_reg[12]) is unused and will be removed from module design_1_axis_array_0_0.
INFO: [Synth 8-3332] Sequential element (inst/store_reg[11]) is unused and will be removed from module design_1_axis_array_0_0.
INFO: [Synth 8-3332] Sequential element (inst/store_reg[10]) is unused and will be removed from module design_1_axis_array_0_0.
INFO: [Synth 8-3332] Sequential element (inst/store_reg[9]) is unused and will be removed from module design_1_axis_array_0_0.
INFO: [Synth 8-3332] Sequential element (inst/store_reg[8]) is unused and will be removed from module design_1_axis_array_0_0.
INFO: [Synth 8-3332] Sequential element (inst/store_reg[7]) is unused and will be removed from module design_1_axis_array_0_0.
INFO: [Synth 8-3332] Sequential element (inst/store_reg[6]) is unused and will be removed from module design_1_axis_array_0_0.
INFO: [Synth 8-3332] Sequential element (inst/store_reg[5]) is unused and will be removed from module design_1_axis_array_0_0.
INFO: [Synth 8-3332] Sequential element (inst/store_reg[4]) is unused and will be removed from module design_1_axis_array_0_0.
INFO: [Synth 8-3332] Sequential element (inst/store_reg[3]) is unused and will be removed from module design_1_axis_array_0_0.
INFO: [Synth 8-3332] Sequential element (inst/store_reg[2]) is unused and will be removed from module design_1_axis_array_0_0.
INFO: [Synth 8-3332] Sequential element (inst/store_reg[1]) is unused and will be removed from module design_1_axis_array_0_0.
INFO: [Synth 8-3332] Sequential element (inst/store_reg[0]) is unused and will be removed from module design_1_axis_array_0_0.
INFO: [Synth 8-3332] Sequential element (inst/store_reg[33]) is unused and will be removed from module design_1_axis_array_0_0.
CRITICAL WARNING: [Synth 8-3352] multi-driven net Q with 1st driver pin 'inst/store_reg[33]/Q' [/home/icedaq/code/project2/array_design/array_design.srcs/sources_1/bd/design_1/ipshared/00a6/hdl/axis_array_v1_0.v:69]
CRITICAL WARNING: [Synth 8-3352] multi-driven net Q with 2nd driver pin 'GND' [/home/icedaq/code/project2/array_design/array_design.srcs/sources_1/bd/design_1/ipshared/00a6/hdl/axis_array_v1_0.v:69]
CRITICAL WARNING: [Synth 8-5559] multi-driven net Q is connected to constant driver, other driver is ignored [/home/icedaq/code/project2/array_design/array_design.srcs/sources_1/bd/design_1/ipshared/00a6/hdl/axis_array_v1_0.v:69]
INFO: [Synth 8-3332] Sequential element (inst/store_reg[32]__0) is unused and will be removed from module design_1_axis_array_0_0.
CRITICAL WARNING: [Synth 8-3352] multi-driven net Q with 1st driver pin 'inst/store_reg[32]__0/Q' [/home/icedaq/code/project2/array_design/array_design.srcs/sources_1/bd/design_1/ipshared/00a6/hdl/axis_array_v1_0.v:69]
CRITICAL WARNING: [Synth 8-3352] multi-driven net Q with 2nd driver pin 'GND' [/home/icedaq/code/project2/array_design/array_design.srcs/sources_1/bd/design_1/ipshared/00a6/hdl/axis_array_v1_0.v:69]
CRITICAL WARNING: [Synth 8-5559] multi-driven net Q is connected to constant driver, other driver is ignored [/home/icedaq/code/project2/array_design/array_design.srcs/sources_1/bd/design_1/ipshared/00a6/hdl/axis_array_v1_0.v:69]
INFO: [Synth 8-3332] Sequential element (inst/store_reg[31]__0) is unused and will be removed from module design_1_axis_array_0_0.
CRITICAL WARNING: [Synth 8-3352] multi-driven net Q with 1st driver pin 'inst/store_reg[31]__0/Q' [/home/icedaq/code/project2/array_design/array_design.srcs/sources_1/bd/design_1/ipshared/00a6/hdl/axis_array_v1_0.v:69]
CRITICAL WARNING: [Synth 8-3352] multi-driven net Q with 2nd driver pin 'GND' [/home/icedaq/code/project2/array_design/array_design.srcs/sources_1/bd/design_1/ipshared/00a6/hdl/axis_array_v1_0.v:69]
CRITICAL WARNING: [Synth 8-5559] multi-driven net Q is connected to constant driver, other driver is ignored [/home/icedaq/code/project2/array_design/array_design.srcs/sources_1/bd/design_1/ipshared/00a6/hdl/axis_array_v1_0.v:69]
INFO: [Synth 8-3332] Sequential element (inst/store_reg[30]__0) is unused and will be removed from module design_1_axis_array_0_0.
CRITICAL WARNING: [Synth 8-3352] multi-driven net Q with 1st driver pin 'inst/store_reg[30]__0/Q' [/home/icedaq/code/project2/array_design/array_design.srcs/sources_1/bd/design_1/ipshared/00a6/hdl/axis_array_v1_0.v:69]
CRITICAL WARNING: [Synth 8-3352] multi-driven net Q with 2nd driver pin 'GND' [/home/icedaq/code/project2/array_design/array_design.srcs/sources_1/bd/design_1/ipshared/00a6/hdl/axis_array_v1_0.v:69]
CRITICAL WARNING: [Synth 8-5559] multi-driven net Q is connected to constant driver, other driver is ignored [/home/icedaq/code/project2/array_design/array_design.srcs/sources_1/bd/design_1/ipshared/00a6/hdl/axis_array_v1_0.v:69]
INFO: [Synth 8-3332] Sequential element (inst/store_reg[29]__0) is unused and will be removed from module design_1_axis_array_0_0.
CRITICAL WARNING: [Synth 8-3352] multi-driven net Q with 1st driver pin 'inst/store_reg[29]__0/Q' [/home/icedaq/code/project2/array_design/array_design.srcs/sources_1/bd/design_1/ipshared/00a6/hdl/axis_array_v1_0.v:69]
CRITICAL WARNING: [Synth 8-3352] multi-driven net Q with 2nd driver pin 'GND' [/home/icedaq/code/project2/array_design/array_design.srcs/sources_1/bd/design_1/ipshared/00a6/hdl/axis_array_v1_0.v:69]
CRITICAL WARNING: [Synth 8-5559] multi-driven net Q is connected to constant driver, other driver is ignored [/home/icedaq/code/project2/array_design/array_design.srcs/sources_1/bd/design_1/ipshared/00a6/hdl/axis_array_v1_0.v:69]
INFO: [Synth 8-3332] Sequential element (inst/store_reg[28]__0) is unused and will be removed from module design_1_axis_array_0_0.
CRITICAL WARNING: [Synth 8-3352] multi-driven net Q with 1st driver pin 'inst/store_reg[28]__0/Q' [/home/icedaq/code/project2/array_design/array_design.srcs/sources_1/bd/design_1/ipshared/00a6/hdl/axis_array_v1_0.v:69]
CRITICAL WARNING: [Synth 8-3352] multi-driven net Q with 2nd driver pin 'GND' [/home/icedaq/code/project2/array_design/array_design.srcs/sources_1/bd/design_1/ipshared/00a6/hdl/axis_array_v1_0.v:69]
CRITICAL WARNING: [Synth 8-5559] multi-driven net Q is connected to constant driver, other driver is ignored [/home/icedaq/code/project2/array_design/array_design.srcs/sources_1/bd/design_1/ipshared/00a6/hdl/axis_array_v1_0.v:69]
INFO: [Synth 8-3332] Sequential element (inst/store_reg[27]__0) is unused and will be removed from module design_1_axis_array_0_0.
CRITICAL WARNING: [Synth 8-3352] multi-driven net Q with 1st driver pin 'inst/store_reg[27]__0/Q' [/home/icedaq/code/project2/array_design/array_design.srcs/sources_1/bd/design_1/ipshared/00a6/hdl/axis_array_v1_0.v:69]
CRITICAL WARNING: [Synth 8-3352] multi-driven net Q with 2nd driver pin 'GND' [/home/icedaq/code/project2/array_design/array_design.srcs/sources_1/bd/design_1/ipshared/00a6/hdl/axis_array_v1_0.v:69]
CRITICAL WARNING: [Synth 8-5559] multi-driven net Q is connected to constant driver, other driver is ignored [/home/icedaq/code/project2/array_design/array_design.srcs/sources_1/bd/design_1/ipshared/00a6/hdl/axis_array_v1_0.v:69]
INFO: [Synth 8-3332] Sequential element (inst/store_reg[26]__0) is unused and will be removed from module design_1_axis_array_0_0.
CRITICAL WARNING: [Synth 8-3352] multi-driven net Q with 1st driver pin 'inst/store_reg[26]__0/Q' [/home/icedaq/code/project2/array_design/array_design.srcs/sources_1/bd/design_1/ipshared/00a6/hdl/axis_array_v1_0.v:69]
CRITICAL WARNING: [Synth 8-3352] multi-driven net Q with 2nd driver pin 'GND' [/home/icedaq/code/project2/array_design/array_design.srcs/sources_1/bd/design_1/ipshared/00a6/hdl/axis_array_v1_0.v:69]
CRITICAL WARNING: [Synth 8-5559] multi-driven net Q is connected to constant driver, other driver is ignored [/home/icedaq/code/project2/array_design/array_design.srcs/sources_1/bd/design_1/ipshared/00a6/hdl/axis_array_v1_0.v:69]
INFO: [Synth 8-3332] Sequential element (inst/store_reg[25]__0) is unused and will be removed from module design_1_axis_array_0_0.
CRITICAL WARNING: [Synth 8-3352] multi-driven net Q with 1st driver pin 'inst/store_reg[25]__0/Q' [/home/icedaq/code/project2/array_design/array_design.srcs/sources_1/bd/design_1/ipshared/00a6/hdl/axis_array_v1_0.v:69]
CRITICAL WARNING: [Synth 8-3352] multi-driven net Q with 2nd driver pin 'GND' [/home/icedaq/code/project2/array_design/array_design.srcs/sources_1/bd/design_1/ipshared/00a6/hdl/axis_array_v1_0.v:69]
CRITICAL WARNING: [Synth 8-5559] multi-driven net Q is connected to constant driver, other driver is ignored [/home/icedaq/code/project2/array_design/array_design.srcs/sources_1/bd/design_1/ipshared/00a6/hdl/axis_array_v1_0.v:69]
INFO: [Synth 8-3332] Sequential element (inst/store_reg[24]__0) is unused and will be removed from module design_1_axis_array_0_0.
CRITICAL WARNING: [Synth 8-3352] multi-driven net Q with 1st driver pin 'inst/store_reg[24]__0/Q' [/home/icedaq/code/project2/array_design/array_design.srcs/sources_1/bd/design_1/ipshared/00a6/hdl/axis_array_v1_0.v:69]
CRITICAL WARNING: [Synth 8-3352] multi-driven net Q with 2nd driver pin 'GND' [/home/icedaq/code/project2/array_design/array_design.srcs/sources_1/bd/design_1/ipshared/00a6/hdl/axis_array_v1_0.v:69]
CRITICAL WARNING: [Synth 8-5559] multi-driven net Q is connected to constant driver, other driver is ignored [/home/icedaq/code/project2/array_design/array_design.srcs/sources_1/bd/design_1/ipshared/00a6/hdl/axis_array_v1_0.v:69]
INFO: [Synth 8-3332] Sequential element (inst/store_reg[23]__0) is unused and will be removed from module design_1_axis_array_0_0.
CRITICAL WARNING: [Synth 8-3352] multi-driven net Q with 1st driver pin 'inst/store_reg[23]__0/Q' [/home/icedaq/code/project2/array_design/array_design.srcs/sources_1/bd/design_1/ipshared/00a6/hdl/axis_array_v1_0.v:69]
CRITICAL WARNING: [Synth 8-3352] multi-driven net Q with 2nd driver pin 'GND' [/home/icedaq/code/project2/array_design/array_design.srcs/sources_1/bd/design_1/ipshared/00a6/hdl/axis_array_v1_0.v:69]
CRITICAL WARNING: [Synth 8-5559] multi-driven net Q is connected to constant driver, other driver is ignored [/home/icedaq/code/project2/array_design/array_design.srcs/sources_1/bd/design_1/ipshared/00a6/hdl/axis_array_v1_0.v:69]
INFO: [Synth 8-3332] Sequential element (inst/store_reg[22]__0) is unused and will be removed from module design_1_axis_array_0_0.
CRITICAL WARNING: [Synth 8-3352] multi-driven net Q with 1st driver pin 'inst/store_reg[22]__0/Q' [/home/icedaq/code/project2/array_design/array_design.srcs/sources_1/bd/design_1/ipshared/00a6/hdl/axis_array_v1_0.v:69]
CRITICAL WARNING: [Synth 8-3352] multi-driven net Q with 2nd driver pin 'GND' [/home/icedaq/code/project2/array_design/array_design.srcs/sources_1/bd/design_1/ipshared/00a6/hdl/axis_array_v1_0.v:69]
CRITICAL WARNING: [Synth 8-5559] multi-driven net Q is connected to constant driver, other driver is ignored [/home/icedaq/code/project2/array_design/array_design.srcs/sources_1/bd/design_1/ipshared/00a6/hdl/axis_array_v1_0.v:69]
INFO: [Synth 8-3332] Sequential element (inst/store_reg[21]__0) is unused and will be removed from module design_1_axis_array_0_0.
CRITICAL WARNING: [Synth 8-3352] multi-driven net Q with 1st driver pin 'inst/store_reg[21]__0/Q' [/home/icedaq/code/project2/array_design/array_design.srcs/sources_1/bd/design_1/ipshared/00a6/hdl/axis_array_v1_0.v:69]
CRITICAL WARNING: [Synth 8-3352] multi-driven net Q with 2nd driver pin 'GND' [/home/icedaq/code/project2/array_design/array_design.srcs/sources_1/bd/design_1/ipshared/00a6/hdl/axis_array_v1_0.v:69]
CRITICAL WARNING: [Synth 8-5559] multi-driven net Q is connected to constant driver, other driver is ignored [/home/icedaq/code/project2/array_design/array_design.srcs/sources_1/bd/design_1/ipshared/00a6/hdl/axis_array_v1_0.v:69]
INFO: [Synth 8-3332] Sequential element (inst/store_reg[20]__0) is unused and will be removed from module design_1_axis_array_0_0.
CRITICAL WARNING: [Synth 8-3352] multi-driven net Q with 1st driver pin 'inst/store_reg[20]__0/Q' [/home/icedaq/code/project2/array_design/array_design.srcs/sources_1/bd/design_1/ipshared/00a6/hdl/axis_array_v1_0.v:69]
CRITICAL WARNING: [Synth 8-3352] multi-driven net Q with 2nd driver pin 'GND' [/home/icedaq/code/project2/array_design/array_design.srcs/sources_1/bd/design_1/ipshared/00a6/hdl/axis_array_v1_0.v:69]
CRITICAL WARNING: [Synth 8-5559] multi-driven net Q is connected to constant driver, other driver is ignored [/home/icedaq/code/project2/array_design/array_design.srcs/sources_1/bd/design_1/ipshared/00a6/hdl/axis_array_v1_0.v:69]
INFO: [Synth 8-3332] Sequential element (inst/store_reg[19]__0) is unused and will be removed from module design_1_axis_array_0_0.
CRITICAL WARNING: [Synth 8-3352] multi-driven net Q with 1st driver pin 'inst/store_reg[19]__0/Q' [/home/icedaq/code/project2/array_design/array_design.srcs/sources_1/bd/design_1/ipshared/00a6/hdl/axis_array_v1_0.v:69]
CRITICAL WARNING: [Synth 8-3352] multi-driven net Q with 2nd driver pin 'GND' [/home/icedaq/code/project2/array_design/array_design.srcs/sources_1/bd/design_1/ipshared/00a6/hdl/axis_array_v1_0.v:69]
CRITICAL WARNING: [Synth 8-5559] multi-driven net Q is connected to constant driver, other driver is ignored [/home/icedaq/code/project2/array_design/array_design.srcs/sources_1/bd/design_1/ipshared/00a6/hdl/axis_array_v1_0.v:69]
INFO: [Synth 8-3332] Sequential element (inst/store_reg[18]__0) is unused and will be removed from module design_1_axis_array_0_0.
CRITICAL WARNING: [Synth 8-3352] multi-driven net Q with 1st driver pin 'inst/store_reg[18]__0/Q' [/home/icedaq/code/project2/array_design/array_design.srcs/sources_1/bd/design_1/ipshared/00a6/hdl/axis_array_v1_0.v:69]
CRITICAL WARNING: [Synth 8-3352] multi-driven net Q with 2nd driver pin 'GND' [/home/icedaq/code/project2/array_design/array_design.srcs/sources_1/bd/design_1/ipshared/00a6/hdl/axis_array_v1_0.v:69]
CRITICAL WARNING: [Synth 8-5559] multi-driven net Q is connected to constant driver, other driver is ignored [/home/icedaq/code/project2/array_design/array_design.srcs/sources_1/bd/design_1/ipshared/00a6/hdl/axis_array_v1_0.v:69]
INFO: [Synth 8-3332] Sequential element (inst/store_reg[17]__0) is unused and will be removed from module design_1_axis_array_0_0.
CRITICAL WARNING: [Synth 8-3352] multi-driven net Q with 1st driver pin 'inst/store_reg[17]__0/Q' [/home/icedaq/code/project2/array_design/array_design.srcs/sources_1/bd/design_1/ipshared/00a6/hdl/axis_array_v1_0.v:69]
CRITICAL WARNING: [Synth 8-3352] multi-driven net Q with 2nd driver pin 'GND' [/home/icedaq/code/project2/array_design/array_design.srcs/sources_1/bd/design_1/ipshared/00a6/hdl/axis_array_v1_0.v:69]
CRITICAL WARNING: [Synth 8-5559] multi-driven net Q is connected to constant driver, other driver is ignored [/home/icedaq/code/project2/array_design/array_design.srcs/sources_1/bd/design_1/ipshared/00a6/hdl/axis_array_v1_0.v:69]
INFO: [Synth 8-3332] Sequential element (inst/store_reg[16]__0) is unused and will be removed from module design_1_axis_array_0_0.
CRITICAL WARNING: [Synth 8-3352] multi-driven net Q with 1st driver pin 'inst/store_reg[16]__0/Q' [/home/icedaq/code/project2/array_design/array_design.srcs/sources_1/bd/design_1/ipshared/00a6/hdl/axis_array_v1_0.v:69]
CRITICAL WARNING: [Synth 8-3352] multi-driven net Q with 2nd driver pin 'GND' [/home/icedaq/code/project2/array_design/array_design.srcs/sources_1/bd/design_1/ipshared/00a6/hdl/axis_array_v1_0.v:69]
CRITICAL WARNING: [Synth 8-5559] multi-driven net Q is connected to constant driver, other driver is ignored [/home/icedaq/code/project2/array_design/array_design.srcs/sources_1/bd/design_1/ipshared/00a6/hdl/axis_array_v1_0.v:69]
INFO: [Synth 8-3332] Sequential element (inst/store_reg[15]__0) is unused and will be removed from module design_1_axis_array_0_0.
CRITICAL WARNING: [Synth 8-3352] multi-driven net Q with 1st driver pin 'inst/store_reg[15]__0/Q' [/home/icedaq/code/project2/array_design/array_design.srcs/sources_1/bd/design_1/ipshared/00a6/hdl/axis_array_v1_0.v:69]
CRITICAL WARNING: [Synth 8-3352] multi-driven net Q with 2nd driver pin 'GND' [/home/icedaq/code/project2/array_design/array_design.srcs/sources_1/bd/design_1/ipshared/00a6/hdl/axis_array_v1_0.v:69]
CRITICAL WARNING: [Synth 8-5559] multi-driven net Q is connected to constant driver, other driver is ignored [/home/icedaq/code/project2/array_design/array_design.srcs/sources_1/bd/design_1/ipshared/00a6/hdl/axis_array_v1_0.v:69]
INFO: [Synth 8-3332] Sequential element (inst/store_reg[14]__0) is unused and will be removed from module design_1_axis_array_0_0.
CRITICAL WARNING: [Synth 8-3352] multi-driven net Q with 1st driver pin 'inst/store_reg[14]__0/Q' [/home/icedaq/code/project2/array_design/array_design.srcs/sources_1/bd/design_1/ipshared/00a6/hdl/axis_array_v1_0.v:69]
CRITICAL WARNING: [Synth 8-3352] multi-driven net Q with 2nd driver pin 'GND' [/home/icedaq/code/project2/array_design/array_design.srcs/sources_1/bd/design_1/ipshared/00a6/hdl/axis_array_v1_0.v:69]
CRITICAL WARNING: [Synth 8-5559] multi-driven net Q is connected to constant driver, other driver is ignored [/home/icedaq/code/project2/array_design/array_design.srcs/sources_1/bd/design_1/ipshared/00a6/hdl/axis_array_v1_0.v:69]
INFO: [Synth 8-3332] Sequential element (inst/store_reg[13]__0) is unused and will be removed from module design_1_axis_array_0_0.
CRITICAL WARNING: [Synth 8-3352] multi-driven net Q with 1st driver pin 'inst/store_reg[13]__0/Q' [/home/icedaq/code/project2/array_design/array_design.srcs/sources_1/bd/design_1/ipshared/00a6/hdl/axis_array_v1_0.v:69]
CRITICAL WARNING: [Synth 8-3352] multi-driven net Q with 2nd driver pin 'GND' [/home/icedaq/code/project2/array_design/array_design.srcs/sources_1/bd/design_1/ipshared/00a6/hdl/axis_array_v1_0.v:69]
CRITICAL WARNING: [Synth 8-5559] multi-driven net Q is connected to constant driver, other driver is ignored [/home/icedaq/code/project2/array_design/array_design.srcs/sources_1/bd/design_1/ipshared/00a6/hdl/axis_array_v1_0.v:69]
INFO: [Synth 8-3332] Sequential element (inst/store_reg[12]__0) is unused and will be removed from module design_1_axis_array_0_0.
CRITICAL WARNING: [Synth 8-3352] multi-driven net Q with 1st driver pin 'inst/store_reg[12]__0/Q' [/home/icedaq/code/project2/array_design/array_design.srcs/sources_1/bd/design_1/ipshared/00a6/hdl/axis_array_v1_0.v:69]
CRITICAL WARNING: [Synth 8-3352] multi-driven net Q with 2nd driver pin 'GND' [/home/icedaq/code/project2/array_design/array_design.srcs/sources_1/bd/design_1/ipshared/00a6/hdl/axis_array_v1_0.v:69]
CRITICAL WARNING: [Synth 8-5559] multi-driven net Q is connected to constant driver, other driver is ignored [/home/icedaq/code/project2/array_design/array_design.srcs/sources_1/bd/design_1/ipshared/00a6/hdl/axis_array_v1_0.v:69]
INFO: [Synth 8-3332] Sequential element (inst/store_reg[11]__0) is unused and will be removed from module design_1_axis_array_0_0.
CRITICAL WARNING: [Synth 8-3352] multi-driven net Q with 1st driver pin 'inst/store_reg[11]__0/Q' [/home/icedaq/code/project2/array_design/array_design.srcs/sources_1/bd/design_1/ipshared/00a6/hdl/axis_array_v1_0.v:69]
CRITICAL WARNING: [Synth 8-3352] multi-driven net Q with 2nd driver pin 'GND' [/home/icedaq/code/project2/array_design/array_design.srcs/sources_1/bd/design_1/ipshared/00a6/hdl/axis_array_v1_0.v:69]
CRITICAL WARNING: [Synth 8-5559] multi-driven net Q is connected to constant driver, other driver is ignored [/home/icedaq/code/project2/array_design/array_design.srcs/sources_1/bd/design_1/ipshared/00a6/hdl/axis_array_v1_0.v:69]
INFO: [Synth 8-3332] Sequential element (inst/store_reg[10]__0) is unused and will be removed from module design_1_axis_array_0_0.
CRITICAL WARNING: [Synth 8-3352] multi-driven net Q with 1st driver pin 'inst/store_reg[10]__0/Q' [/home/icedaq/code/project2/array_design/array_design.srcs/sources_1/bd/design_1/ipshared/00a6/hdl/axis_array_v1_0.v:69]
CRITICAL WARNING: [Synth 8-3352] multi-driven net Q with 2nd driver pin 'GND' [/home/icedaq/code/project2/array_design/array_design.srcs/sources_1/bd/design_1/ipshared/00a6/hdl/axis_array_v1_0.v:69]
CRITICAL WARNING: [Synth 8-5559] multi-driven net Q is connected to constant driver, other driver is ignored [/home/icedaq/code/project2/array_design/array_design.srcs/sources_1/bd/design_1/ipshared/00a6/hdl/axis_array_v1_0.v:69]
INFO: [Synth 8-3332] Sequential element (inst/store_reg[9]__0) is unused and will be removed from module design_1_axis_array_0_0.
CRITICAL WARNING: [Synth 8-3352] multi-driven net Q with 1st driver pin 'inst/store_reg[9]__0/Q' [/home/icedaq/code/project2/array_design/array_design.srcs/sources_1/bd/design_1/ipshared/00a6/hdl/axis_array_v1_0.v:69]
CRITICAL WARNING: [Synth 8-3352] multi-driven net Q with 2nd driver pin 'GND' [/home/icedaq/code/project2/array_design/array_design.srcs/sources_1/bd/design_1/ipshared/00a6/hdl/axis_array_v1_0.v:69]
CRITICAL WARNING: [Synth 8-5559] multi-driven net Q is connected to constant driver, other driver is ignored [/home/icedaq/code/project2/array_design/array_design.srcs/sources_1/bd/design_1/ipshared/00a6/hdl/axis_array_v1_0.v:69]
INFO: [Synth 8-3332] Sequential element (inst/store_reg[8]__0) is unused and will be removed from module design_1_axis_array_0_0.
CRITICAL WARNING: [Synth 8-3352] multi-driven net Q with 1st driver pin 'inst/store_reg[8]__0/Q' [/home/icedaq/code/project2/array_design/array_design.srcs/sources_1/bd/design_1/ipshared/00a6/hdl/axis_array_v1_0.v:69]
CRITICAL WARNING: [Synth 8-3352] multi-driven net Q with 2nd driver pin 'GND' [/home/icedaq/code/project2/array_design/array_design.srcs/sources_1/bd/design_1/ipshared/00a6/hdl/axis_array_v1_0.v:69]
CRITICAL WARNING: [Synth 8-5559] multi-driven net Q is connected to constant driver, other driver is ignored [/home/icedaq/code/project2/array_design/array_design.srcs/sources_1/bd/design_1/ipshared/00a6/hdl/axis_array_v1_0.v:69]
INFO: [Synth 8-3332] Sequential element (inst/store_reg[7]__0) is unused and will be removed from module design_1_axis_array_0_0.
CRITICAL WARNING: [Synth 8-3352] multi-driven net Q with 1st driver pin 'inst/store_reg[7]__0/Q' [/home/icedaq/code/project2/array_design/array_design.srcs/sources_1/bd/design_1/ipshared/00a6/hdl/axis_array_v1_0.v:69]
CRITICAL WARNING: [Synth 8-3352] multi-driven net Q with 2nd driver pin 'GND' [/home/icedaq/code/project2/array_design/array_design.srcs/sources_1/bd/design_1/ipshared/00a6/hdl/axis_array_v1_0.v:69]
CRITICAL WARNING: [Synth 8-5559] multi-driven net Q is connected to constant driver, other driver is ignored [/home/icedaq/code/project2/array_design/array_design.srcs/sources_1/bd/design_1/ipshared/00a6/hdl/axis_array_v1_0.v:69]
INFO: [Synth 8-3332] Sequential element (inst/store_reg[6]__0) is unused and will be removed from module design_1_axis_array_0_0.
CRITICAL WARNING: [Synth 8-3352] multi-driven net Q with 1st driver pin 'inst/store_reg[6]__0/Q' [/home/icedaq/code/project2/array_design/array_design.srcs/sources_1/bd/design_1/ipshared/00a6/hdl/axis_array_v1_0.v:69]
CRITICAL WARNING: [Synth 8-3352] multi-driven net Q with 2nd driver pin 'GND' [/home/icedaq/code/project2/array_design/array_design.srcs/sources_1/bd/design_1/ipshared/00a6/hdl/axis_array_v1_0.v:69]
CRITICAL WARNING: [Synth 8-5559] multi-driven net Q is connected to constant driver, other driver is ignored [/home/icedaq/code/project2/array_design/array_design.srcs/sources_1/bd/design_1/ipshared/00a6/hdl/axis_array_v1_0.v:69]
INFO: [Synth 8-3332] Sequential element (inst/store_reg[5]__0) is unused and will be removed from module design_1_axis_array_0_0.
CRITICAL WARNING: [Synth 8-3352] multi-driven net Q with 1st driver pin 'inst/store_reg[5]__0/Q' [/home/icedaq/code/project2/array_design/array_design.srcs/sources_1/bd/design_1/ipshared/00a6/hdl/axis_array_v1_0.v:69]
CRITICAL WARNING: [Synth 8-3352] multi-driven net Q with 2nd driver pin 'GND' [/home/icedaq/code/project2/array_design/array_design.srcs/sources_1/bd/design_1/ipshared/00a6/hdl/axis_array_v1_0.v:69]
CRITICAL WARNING: [Synth 8-5559] multi-driven net Q is connected to constant driver, other driver is ignored [/home/icedaq/code/project2/array_design/array_design.srcs/sources_1/bd/design_1/ipshared/00a6/hdl/axis_array_v1_0.v:69]
INFO: [Synth 8-3332] Sequential element (inst/store_reg[4]__0) is unused and will be removed from module design_1_axis_array_0_0.
CRITICAL WARNING: [Synth 8-3352] multi-driven net Q with 1st driver pin 'inst/store_reg[4]__0/Q' [/home/icedaq/code/project2/array_design/array_design.srcs/sources_1/bd/design_1/ipshared/00a6/hdl/axis_array_v1_0.v:69]
CRITICAL WARNING: [Synth 8-3352] multi-driven net Q with 2nd driver pin 'GND' [/home/icedaq/code/project2/array_design/array_design.srcs/sources_1/bd/design_1/ipshared/00a6/hdl/axis_array_v1_0.v:69]
CRITICAL WARNING: [Synth 8-5559] multi-driven net Q is connected to constant driver, other driver is ignored [/home/icedaq/code/project2/array_design/array_design.srcs/sources_1/bd/design_1/ipshared/00a6/hdl/axis_array_v1_0.v:69]
INFO: [Synth 8-3332] Sequential element (inst/store_reg[3]__0) is unused and will be removed from module design_1_axis_array_0_0.
CRITICAL WARNING: [Synth 8-3352] multi-driven net Q with 1st driver pin 'inst/store_reg[3]__0/Q' [/home/icedaq/code/project2/array_design/array_design.srcs/sources_1/bd/design_1/ipshared/00a6/hdl/axis_array_v1_0.v:69]
CRITICAL WARNING: [Synth 8-3352] multi-driven net Q with 2nd driver pin 'GND' [/home/icedaq/code/project2/array_design/array_design.srcs/sources_1/bd/design_1/ipshared/00a6/hdl/axis_array_v1_0.v:69]
CRITICAL WARNING: [Synth 8-5559] multi-driven net Q is connected to constant driver, other driver is ignored [/home/icedaq/code/project2/array_design/array_design.srcs/sources_1/bd/design_1/ipshared/00a6/hdl/axis_array_v1_0.v:69]
INFO: [Synth 8-3332] Sequential element (inst/store_reg[2]__0) is unused and will be removed from module design_1_axis_array_0_0.
CRITICAL WARNING: [Synth 8-3352] multi-driven net Q with 1st driver pin 'inst/store_reg[2]__0/Q' [/home/icedaq/code/project2/array_design/array_design.srcs/sources_1/bd/design_1/ipshared/00a6/hdl/axis_array_v1_0.v:69]
CRITICAL WARNING: [Synth 8-3352] multi-driven net Q with 2nd driver pin 'GND' [/home/icedaq/code/project2/array_design/array_design.srcs/sources_1/bd/design_1/ipshared/00a6/hdl/axis_array_v1_0.v:69]
CRITICAL WARNING: [Synth 8-5559] multi-driven net Q is connected to constant driver, other driver is ignored [/home/icedaq/code/project2/array_design/array_design.srcs/sources_1/bd/design_1/ipshared/00a6/hdl/axis_array_v1_0.v:69]
INFO: [Synth 8-3332] Sequential element (inst/store_reg[1]__0) is unused and will be removed from module design_1_axis_array_0_0.
CRITICAL WARNING: [Synth 8-3352] multi-driven net Q with 1st driver pin 'inst/store_reg[1]__0/Q' [/home/icedaq/code/project2/array_design/array_design.srcs/sources_1/bd/design_1/ipshared/00a6/hdl/axis_array_v1_0.v:69]
CRITICAL WARNING: [Synth 8-3352] multi-driven net Q with 2nd driver pin 'GND' [/home/icedaq/code/project2/array_design/array_design.srcs/sources_1/bd/design_1/ipshared/00a6/hdl/axis_array_v1_0.v:69]
CRITICAL WARNING: [Synth 8-5559] multi-driven net Q is connected to constant driver, other driver is ignored [/home/icedaq/code/project2/array_design/array_design.srcs/sources_1/bd/design_1/ipshared/00a6/hdl/axis_array_v1_0.v:69]
INFO: [Synth 8-3332] Sequential element (inst/store_reg[0]__0) is unused and will be removed from module design_1_axis_array_0_0.
CRITICAL WARNING: [Synth 8-3352] multi-driven net Q with 1st driver pin 'inst/store_reg[0]__0/Q' [/home/icedaq/code/project2/array_design/array_design.srcs/sources_1/bd/design_1/ipshared/00a6/hdl/axis_array_v1_0.v:69]
CRITICAL WARNING: [Synth 8-3352] multi-driven net Q with 2nd driver pin 'GND' [/home/icedaq/code/project2/array_design/array_design.srcs/sources_1/bd/design_1/ipshared/00a6/hdl/axis_array_v1_0.v:69]
CRITICAL WARNING: [Synth 8-5559] multi-driven net Q is connected to constant driver, other driver is ignored [/home/icedaq/code/project2/array_design/array_design.srcs/sources_1/bd/design_1/ipshared/00a6/hdl/axis_array_v1_0.v:69]
INFO: [Synth 8-3332] Sequential element (inst/m00_data_reg_reg[31]) is unused and will be removed from module design_1_axis_array_0_0.
---------------------------------------------------------------------------------
Finished Cross Boundary and Area Optimization : Time (s): cpu = 00:00:22 ; elapsed = 00:00:34 . Memory (MB): peak = 1671.977 ; gain = 492.547 ; free physical = 225 ; free virtual = 17747
---------------------------------------------------------------------------------

Report RTL Partitions: 
+-+--------------+------------+----------+
| |RTL Partition |Replication |Instances |
+-+--------------+------------+----------+
+-+--------------+------------+----------+
---------------------------------------------------------------------------------
Start Applying XDC Timing Constraints
---------------------------------------------------------------------------------
---------------------------------------------------------------------------------
Finished Applying XDC Timing Constraints : Time (s): cpu = 00:00:27 ; elapsed = 00:00:41 . Memory (MB): peak = 1671.977 ; gain = 492.547 ; free physical = 167 ; free virtual = 17610
---------------------------------------------------------------------------------
---------------------------------------------------------------------------------
Start Timing Optimization
---------------------------------------------------------------------------------
---------------------------------------------------------------------------------
Finished Timing Optimization : Time (s): cpu = 00:00:27 ; elapsed = 00:00:41 . Memory (MB): peak = 1671.977 ; gain = 492.547 ; free physical = 167 ; free virtual = 17610
---------------------------------------------------------------------------------

Report RTL Partitions: 
+-+--------------+------------+----------+
| |RTL Partition |Replication |Instances |
+-+--------------+------------+----------+
+-+--------------+------------+----------+
---------------------------------------------------------------------------------
Start Technology Mapping
---------------------------------------------------------------------------------
---------------------------------------------------------------------------------
Finished Technology Mapping : Time (s): cpu = 00:00:27 ; elapsed = 00:00:41 . Memory (MB): peak = 1671.977 ; gain = 492.547 ; free physical = 165 ; free virtual = 17609
---------------------------------------------------------------------------------

Report RTL Partitions: 
+-+--------------+------------+----------+
| |RTL Partition |Replication |Instances |
+-+--------------+------------+----------+
+-+--------------+------------+----------+
---------------------------------------------------------------------------------
Start IO Insertion
---------------------------------------------------------------------------------
---------------------------------------------------------------------------------
Start Flattening Before IO Insertion
---------------------------------------------------------------------------------
---------------------------------------------------------------------------------
Finished Flattening Before IO Insertion
---------------------------------------------------------------------------------
---------------------------------------------------------------------------------
Start Final Netlist Cleanup
---------------------------------------------------------------------------------
---------------------------------------------------------------------------------
Finished Final Netlist Cleanup
---------------------------------------------------------------------------------
---------------------------------------------------------------------------------
Finished IO Insertion : Time (s): cpu = 00:00:27 ; elapsed = 00:00:42 . Memory (MB): peak = 1671.977 ; gain = 492.547 ; free physical = 173 ; free virtual = 17617
---------------------------------------------------------------------------------

Report Check Netlist: 
+------+------------------+-------+---------+-------+------------------+
|      |Item              |Errors |Warnings |Status |Description       |
+------+------------------+-------+---------+-------+------------------+
|1     |multi_driven_nets |      0|        0|Passed |Multi driven nets |
+------+------------------+-------+---------+-------+------------------+
---------------------------------------------------------------------------------
Start Renaming Generated Instances
---------------------------------------------------------------------------------
---------------------------------------------------------------------------------
Finished Renaming Generated Instances : Time (s): cpu = 00:00:27 ; elapsed = 00:00:42 . Memory (MB): peak = 1671.977 ; gain = 492.547 ; free physical = 173 ; free virtual = 17617
---------------------------------------------------------------------------------

Report RTL Partitions: 
+-+--------------+------------+----------+
| |RTL Partition |Replication |Instances |
+-+--------------+------------+----------+
+-+--------------+------------+----------+
---------------------------------------------------------------------------------
Start Rebuilding User Hierarchy
---------------------------------------------------------------------------------
---------------------------------------------------------------------------------
Finished Rebuilding User Hierarchy : Time (s): cpu = 00:00:27 ; elapsed = 00:00:42 . Memory (MB): peak = 1671.977 ; gain = 492.547 ; free physical = 173 ; free virtual = 17617
---------------------------------------------------------------------------------
---------------------------------------------------------------------------------
Start Renaming Generated Ports
---------------------------------------------------------------------------------
---------------------------------------------------------------------------------
Finished Renaming Generated Ports : Time (s): cpu = 00:00:27 ; elapsed = 00:00:42 . Memory (MB): peak = 1671.977 ; gain = 492.547 ; free physical = 173 ; free virtual = 17617
---------------------------------------------------------------------------------
---------------------------------------------------------------------------------
Start Handling Custom Attributes
---------------------------------------------------------------------------------
---------------------------------------------------------------------------------
Finished Handling Custom Attributes : Time (s): cpu = 00:00:27 ; elapsed = 00:00:42 . Memory (MB): peak = 1671.977 ; gain = 492.547 ; free physical = 173 ; free virtual = 17617
---------------------------------------------------------------------------------
---------------------------------------------------------------------------------
Start Renaming Generated Nets
---------------------------------------------------------------------------------
---------------------------------------------------------------------------------
Finished Renaming Generated Nets : Time (s): cpu = 00:00:27 ; elapsed = 00:00:42 . Memory (MB): peak = 1671.977 ; gain = 492.547 ; free physical = 174 ; free virtual = 17617
---------------------------------------------------------------------------------
---------------------------------------------------------------------------------
Start Writing Synthesis Report
---------------------------------------------------------------------------------

Report BlackBoxes: 
+-+--------------+----------+
| |BlackBox name |Instances |
+-+--------------+----------+
+-+--------------+----------+

Report Cell Usage: 
+-+-----+------+
| |Cell |Count |
+-+-----+------+
+-+-----+------+

Report Instance Areas: 
+------+---------+-------+------+
|      |Instance |Module |Cells |
+------+---------+-------+------+
|1     |top      |       |     0|
+------+---------+-------+------+
---------------------------------------------------------------------------------
Finished Writing Synthesis Report : Time (s): cpu = 00:00:27 ; elapsed = 00:00:42 . Memory (MB): peak = 1671.977 ; gain = 492.547 ; free physical = 173 ; free virtual = 17617
---------------------------------------------------------------------------------
Synthesis finished with 0 errors, 102 critical warnings and 10 warnings.
Synthesis Optimization Runtime : Time (s): cpu = 00:00:20 ; elapsed = 00:00:23 . Memory (MB): peak = 1671.977 ; gain = 124.531 ; free physical = 232 ; free virtual = 17676
Synthesis Optimization Complete : Time (s): cpu = 00:00:27 ; elapsed = 00:00:42 . Memory (MB): peak = 1671.977 ; gain = 492.547 ; free physical = 232 ; free virtual = 17676
INFO: [Project 1-571] Translating synthesized netlist
INFO: [Project 1-570] Preparing netlist for logic optimization
INFO: [Opt 31-138] Pushed 0 inverter(s) to 0 load pin(s).
INFO: [Project 1-111] Unisim Transformation Summary:
No Unisim elements were transformed.

INFO: [Common 17-83] Releasing license: Synthesis
116 Infos, 22 Warnings, 102 Critical Warnings and 0 Errors encountered.
synth_design completed successfully
synth_design: Time (s): cpu = 00:00:28 ; elapsed = 00:00:43 . Memory (MB): peak = 1671.977 ; gain = 517.371 ; free physical = 223 ; free virtual = 17667
INFO: [Common 17-1381] The checkpoint '/home/icedaq/code/project2/array_design/array_design.runs/design_1_axis_array_0_0_synth_1/design_1_axis_array_0_0.dcp' has been generated.
