Copyright 1986-2017 Xilinx, Inc. All Rights Reserved.
------------------------------------------------------------------------------------
| Tool Version : Vivado v.2017.4 (lin64) Build 2086221 Fri Dec 15 20:54:30 MST 2017
| Date         : Fri Jun 15 18:33:53 2018
| Host         : helios running 64-bit Arch Linux
| Command      : upgrade_ip
| Device       : xc7z020clg400-1
------------------------------------------------------------------------------------

Upgrade Log for IP 'design_1_axis_array_ip_0_0'

1. Summary
----------

SUCCESS in the conversion of design_1_axis_array_ip_0_0 (user.org:user:axis_array_ip:1.0 (Rev. 1)) to Vivado generation flows.






Copyright 1986-2017 Xilinx, Inc. All Rights Reserved.
------------------------------------------------------------------------------------
| Tool Version : Vivado v.2017.4 (lin64) Build 2086221 Fri Dec 15 20:54:30 MST 2017
| Date         : Fri Jun 15 17:29:25 2018
| Host         : helios running 64-bit Arch Linux
| Command      : upgrade_ip
| Device       : xc7z020clg400-1
------------------------------------------------------------------------------------

Upgrade Log for IP 'design_1_axis_array_ip_0_0'

1. Summary
----------

SUCCESS in the conversion of design_1_axis_array_ip_0_0 (user.org:user:axis_array_ip:1.0 (Rev. 1)) to Vivado generation flows.






Copyright 1986-2017 Xilinx, Inc. All Rights Reserved.
------------------------------------------------------------------------------------
| Tool Version : Vivado v.2017.4 (lin64) Build 2086221 Fri Dec 15 20:54:30 MST 2017
| Date         : Fri Jun 15 16:47:08 2018
| Host         : helios running 64-bit Arch Linux
| Command      : upgrade_ip
| Device       : xc7z020clg400-1
------------------------------------------------------------------------------------

Upgrade Log for IP 'design_1_axis_array_ip_0_0'

1. Summary
----------

SUCCESS in the conversion of design_1_axis_array_ip_0_0 (user.org:user:axis_array_ip:1.0 (Rev. 1)) to Vivado generation flows.






Copyright 1986-2017 Xilinx, Inc. All Rights Reserved.
------------------------------------------------------------------------------------
| Tool Version : Vivado v.2017.4 (lin64) Build 2086221 Fri Dec 15 20:54:30 MST 2017
| Date         : Fri Jun 15 16:20:03 2018
| Host         : helios running 64-bit Arch Linux
| Command      : upgrade_ip
| Device       : xc7z020clg400-1
------------------------------------------------------------------------------------

Upgrade Log for IP 'design_1_axis_array_ip_0_0'

1. Summary
----------

SUCCESS in the conversion of design_1_axis_array_ip_0_0 (user.org:user:axis_array_ip:1.0 (Rev. 1)) to Vivado generation flows.






Copyright 1986-2017 Xilinx, Inc. All Rights Reserved.
------------------------------------------------------------------------------------
| Tool Version : Vivado v.2017.4 (lin64) Build 2086221 Fri Dec 15 20:54:30 MST 2017
| Date         : Fri Jun 15 14:25:46 2018
| Host         : helios running 64-bit Arch Linux
| Command      : upgrade_ip
| Device       : xc7z020clg400-1
------------------------------------------------------------------------------------

Upgrade Log for IP 'design_1_axis_array_ip_0_0'

1. Summary
----------

SUCCESS in the conversion of design_1_axis_array_ip_0_0 (user.org:user:axis_array_ip:1.0 (Rev. 1)) to Vivado generation flows.






Copyright 1986-2017 Xilinx, Inc. All Rights Reserved.
------------------------------------------------------------------------------------
| Tool Version : Vivado v.2017.4 (lin64) Build 2086221 Fri Dec 15 20:54:30 MST 2017
| Date         : Thu Jun 14 16:11:51 2018
| Host         : helios running 64-bit Arch Linux
| Command      : upgrade_ip
| Device       : xc7z020clg400-1
------------------------------------------------------------------------------------

Upgrade Log for IP 'design_1_axis_array_ip_0_0'

1. Summary
----------

SUCCESS in the conversion of design_1_axis_array_ip_0_0 (user.org:user:axis_array_ip:1.0 (Rev. 1)) to Vivado generation flows.






Copyright 1986-2017 Xilinx, Inc. All Rights Reserved.
------------------------------------------------------------------------------------
| Tool Version : Vivado v.2017.4 (lin64) Build 2086221 Fri Dec 15 20:54:30 MST 2017
| Date         : Sat Jun  9 12:28:05 2018
| Host         : helios running 64-bit Arch Linux
| Command      : upgrade_ip
| Device       : xc7z020clg400-1
------------------------------------------------------------------------------------

Upgrade Log for IP 'design_1_axis_array_ip_0_0'

1. Summary
----------

SUCCESS in the conversion of design_1_axis_array_ip_0_0 (user.org:user:axis_array_ip:1.0 (Rev. 1)) to Vivado generation flows.






Copyright 1986-2017 Xilinx, Inc. All Rights Reserved.
------------------------------------------------------------------------------------
| Tool Version : Vivado v.2017.4 (lin64) Build 2086221 Fri Dec 15 20:54:30 MST 2017
| Date         : Sat Jun  9 00:22:19 2018
| Host         : helios running 64-bit Arch Linux
| Command      : upgrade_ip
| Device       : xc7z020clg400-1
------------------------------------------------------------------------------------

Upgrade Log for IP 'design_1_axis_array_ip_0_0'

1. Summary
----------

SUCCESS in the conversion of design_1_axis_array_ip_0_0 (user.org:user:axis_array_ip:1.0 (Rev. 1)) to Vivado generation flows.






Copyright 1986-2017 Xilinx, Inc. All Rights Reserved.
------------------------------------------------------------------------------------
| Tool Version : Vivado v.2017.4 (lin64) Build 2086221 Fri Dec 15 20:54:30 MST 2017
| Date         : Sat Jun  9 00:10:53 2018
| Host         : helios running 64-bit Arch Linux
| Command      : upgrade_ip
| Device       : xc7z020clg400-1
------------------------------------------------------------------------------------

Upgrade Log for IP 'design_1_axis_array_ip_0_0'

1. Summary
----------

SUCCESS in the conversion of design_1_axis_array_ip_0_0 (user.org:user:axis_array_ip:1.0 (Rev. 1)) to Vivado generation flows.






Copyright 1986-2017 Xilinx, Inc. All Rights Reserved.
------------------------------------------------------------------------------------
| Tool Version : Vivado v.2017.4 (lin64) Build 2086221 Fri Dec 15 20:54:30 MST 2017
| Date         : Sat Jun  9 00:03:15 2018
| Host         : helios running 64-bit Arch Linux
| Command      : upgrade_ip
| Device       : xc7z020clg400-1
------------------------------------------------------------------------------------

Upgrade Log for IP 'design_1_axis_array_ip_0_0'

1. Summary
----------

SUCCESS in the conversion of design_1_axis_array_ip_0_0 (user.org:user:axis_array_ip:1.0 (Rev. 1)) to Vivado generation flows.






Copyright 1986-2017 Xilinx, Inc. All Rights Reserved.
------------------------------------------------------------------------------------
| Tool Version : Vivado v.2017.4 (lin64) Build 2086221 Fri Dec 15 20:54:30 MST 2017
| Date         : Fri Jun  8 23:57:11 2018
| Host         : helios running 64-bit Arch Linux
| Command      : upgrade_ip
| Device       : xc7z020clg400-1
------------------------------------------------------------------------------------

Upgrade Log for IP 'design_1_axis_array_ip_0_0'

1. Summary
----------

SUCCESS in the conversion of design_1_axis_array_ip_0_0 (user.org:user:axis_array_ip:1.0 (Rev. 1)) to Vivado generation flows.






Copyright 1986-2017 Xilinx, Inc. All Rights Reserved.
------------------------------------------------------------------------------------
| Tool Version : Vivado v.2017.4 (lin64) Build 2086221 Fri Dec 15 20:54:30 MST 2017
| Date         : Fri Jun  8 23:13:57 2018
| Host         : helios running 64-bit Arch Linux
| Command      : upgrade_ip
| Device       : xc7z020clg400-1
------------------------------------------------------------------------------------

Upgrade Log for IP 'design_1_axis_array_ip_0_0'

1. Summary
----------

SUCCESS in the conversion of design_1_axis_array_ip_0_0 (user.org:user:axis_array_ip:1.0 (Rev. 1)) to Vivado generation flows.






Copyright 1986-2017 Xilinx, Inc. All Rights Reserved.
------------------------------------------------------------------------------------
| Tool Version : Vivado v.2017.4 (lin64) Build 2086221 Fri Dec 15 20:54:30 MST 2017
| Date         : Fri Jun  8 22:57:45 2018
| Host         : helios running 64-bit Arch Linux
| Command      : upgrade_ip
| Device       : xc7z020clg400-1
------------------------------------------------------------------------------------

Upgrade Log for IP 'design_1_axis_array_ip_0_0'

1. Summary
----------

SUCCESS in the conversion of design_1_axis_array_ip_0_0 (user.org:user:axis_array_ip:1.0 (Rev. 1)) to Vivado generation flows.






Copyright 1986-2017 Xilinx, Inc. All Rights Reserved.
------------------------------------------------------------------------------------
| Tool Version : Vivado v.2017.4 (lin64) Build 2086221 Fri Dec 15 20:54:30 MST 2017
| Date         : Fri Jun  8 22:35:02 2018
| Host         : helios running 64-bit Arch Linux
| Command      : upgrade_ip
| Device       : xc7z020clg400-1
------------------------------------------------------------------------------------

Upgrade Log for IP 'design_1_axis_array_ip_0_0'

1. Summary
----------

CAUTION (success, with warnings) in the conversion of design_1_axis_array_ip_0_0 (user.org:user:axis_array_ip:1.0 (Rev. 1)) to Vivado generation flows.

After upgrade, an IP may have parameter and port differences compared to the original customization. Please review the parameters within the IP customization GUI to ensure proper functionality. Also, please review the updated IP instantiation template to ensure proper connectivity, and update your design if required.

2. Connection Warnings
----------------------

Detected external port differences while upgrading 'design_1_axis_array_ip_0_0'. These changes may impact your design.


-Upgrade has removed port 'debug_data'

-Upgrade has removed port 'debug_state'







Copyright 1986-2017 Xilinx, Inc. All Rights Reserved.
------------------------------------------------------------------------------------
| Tool Version : Vivado v.2017.4 (lin64) Build 2086221 Fri Dec 15 20:54:30 MST 2017
| Date         : Fri Jun  8 21:43:48 2018
| Host         : helios running 64-bit Arch Linux
| Command      : upgrade_ip
| Device       : xc7z020clg400-1
------------------------------------------------------------------------------------

Upgrade Log for IP 'design_1_axis_array_ip_0_0'

1. Summary
----------

SUCCESS in the conversion of design_1_axis_array_ip_0_0 (user.org:user:axis_array_ip:1.0 (Rev. 1)) to Vivado generation flows.






Copyright 1986-2017 Xilinx, Inc. All Rights Reserved.
------------------------------------------------------------------------------------
| Tool Version : Vivado v.2017.4 (lin64) Build 2086221 Fri Dec 15 20:54:30 MST 2017
| Date         : Fri Jun  8 21:37:37 2018
| Host         : helios running 64-bit Arch Linux
| Command      : upgrade_ip
| Device       : xc7z020clg400-1
------------------------------------------------------------------------------------

Upgrade Log for IP 'design_1_axis_array_ip_0_0'

1. Summary
----------

SUCCESS in the conversion of design_1_axis_array_ip_0_0 (user.org:user:axis_array_ip:1.0 (Rev. 1)) to Vivado generation flows.






Copyright 1986-2017 Xilinx, Inc. All Rights Reserved.
------------------------------------------------------------------------------------
| Tool Version : Vivado v.2017.4 (lin64) Build 2086221 Fri Dec 15 20:54:30 MST 2017
| Date         : Fri Jun  8 21:08:23 2018
| Host         : helios running 64-bit Arch Linux
| Command      : upgrade_ip
| Device       : xc7z020clg400-1
------------------------------------------------------------------------------------

Upgrade Log for IP 'design_1_axis_array_ip_0_0'

1. Summary
----------

SUCCESS in the conversion of design_1_axis_array_ip_0_0 (user.org:user:axis_array_ip:1.0 (Rev. 1)) to Vivado generation flows.






Copyright 1986-2017 Xilinx, Inc. All Rights Reserved.
------------------------------------------------------------------------------------
| Tool Version : Vivado v.2017.4 (lin64) Build 2086221 Fri Dec 15 20:54:30 MST 2017
| Date         : Fri Jun  8 20:40:30 2018
| Host         : helios running 64-bit Arch Linux
| Command      : upgrade_ip
| Device       : xc7z020clg400-1
------------------------------------------------------------------------------------

Upgrade Log for IP 'design_1_axis_array_ip_0_0'

1. Summary
----------

SUCCESS in the conversion of design_1_axis_array_ip_0_0 (user.org:user:axis_array_ip:1.0 (Rev. 1)) to Vivado generation flows.






Copyright 1986-2017 Xilinx, Inc. All Rights Reserved.
------------------------------------------------------------------------------------
| Tool Version : Vivado v.2017.4 (lin64) Build 2086221 Fri Dec 15 20:54:30 MST 2017
| Date         : Fri Jun  8 20:21:30 2018
| Host         : helios running 64-bit Arch Linux
| Command      : upgrade_ip
| Device       : xc7z020clg400-1
------------------------------------------------------------------------------------

Upgrade Log for IP 'design_1_axis_array_ip_0_0'

1. Summary
----------

SUCCESS in the conversion of design_1_axis_array_ip_0_0 (user.org:user:axis_array_ip:1.0 (Rev. 1)) to Vivado generation flows.






Copyright 1986-2017 Xilinx, Inc. All Rights Reserved.
------------------------------------------------------------------------------------
| Tool Version : Vivado v.2017.4 (lin64) Build 2086221 Fri Dec 15 20:54:30 MST 2017
| Date         : Fri Jun  8 19:19:27 2018
| Host         : helios running 64-bit Arch Linux
| Command      : upgrade_ip
| Device       : xc7z020clg400-1
------------------------------------------------------------------------------------

Upgrade Log for IP 'design_1_axis_array_ip_0_0'

1. Summary
----------

SUCCESS in the conversion of design_1_axis_array_ip_0_0 (user.org:user:axis_array_ip:1.0 (Rev. 1)) to Vivado generation flows.






Copyright 1986-2017 Xilinx, Inc. All Rights Reserved.
------------------------------------------------------------------------------------
| Tool Version : Vivado v.2017.4 (lin64) Build 2086221 Fri Dec 15 20:54:30 MST 2017
| Date         : Fri Jun  8 18:52:18 2018
| Host         : helios running 64-bit Arch Linux
| Command      : upgrade_ip
| Device       : xc7z020clg400-1
------------------------------------------------------------------------------------

Upgrade Log for IP 'design_1_axis_array_ip_0_0'

1. Summary
----------

SUCCESS in the conversion of design_1_axis_array_ip_0_0 (user.org:user:axis_array_ip:1.0 (Rev. 1)) to Vivado generation flows.






Copyright 1986-2017 Xilinx, Inc. All Rights Reserved.
------------------------------------------------------------------------------------
| Tool Version : Vivado v.2017.4 (lin64) Build 2086221 Fri Dec 15 20:54:30 MST 2017
| Date         : Fri Jun  8 18:40:50 2018
| Host         : helios running 64-bit Arch Linux
| Command      : upgrade_ip
| Device       : xc7z020clg400-1
------------------------------------------------------------------------------------

Upgrade Log for IP 'design_1_axis_array_ip_0_0'

1. Summary
----------

SUCCESS in the conversion of design_1_axis_array_ip_0_0 (user.org:user:axis_array_ip:1.0 (Rev. 1)) to Vivado generation flows.






Copyright 1986-2017 Xilinx, Inc. All Rights Reserved.
------------------------------------------------------------------------------------
| Tool Version : Vivado v.2017.4 (lin64) Build 2086221 Fri Dec 15 20:54:30 MST 2017
| Date         : Fri Jun  8 18:26:28 2018
| Host         : helios running 64-bit Arch Linux
| Command      : upgrade_ip
| Device       : xc7z020clg400-1
------------------------------------------------------------------------------------

Upgrade Log for IP 'design_1_axis_array_ip_0_0'

1. Summary
----------

SUCCESS in the conversion of design_1_axis_array_ip_0_0 (user.org:user:axis_array_ip:1.0 (Rev. 1)) to Vivado generation flows.






Copyright 1986-2017 Xilinx, Inc. All Rights Reserved.
------------------------------------------------------------------------------------
| Tool Version : Vivado v.2017.4 (lin64) Build 2086221 Fri Dec 15 20:54:30 MST 2017
| Date         : Fri Jun  8 18:08:09 2018
| Host         : helios running 64-bit Arch Linux
| Command      : upgrade_ip
| Device       : xc7z020clg400-1
------------------------------------------------------------------------------------

Upgrade Log for IP 'design_1_axis_array_ip_0_0'

1. Summary
----------

SUCCESS in the conversion of design_1_axis_array_ip_0_0 (user.org:user:axis_array_ip:1.0 (Rev. 1)) to Vivado generation flows.






Copyright 1986-2017 Xilinx, Inc. All Rights Reserved.
------------------------------------------------------------------------------------
| Tool Version : Vivado v.2017.4 (lin64) Build 2086221 Fri Dec 15 20:54:30 MST 2017
| Date         : Fri Jun  8 17:33:53 2018
| Host         : helios running 64-bit Arch Linux
| Command      : upgrade_ip
| Device       : xc7z020clg400-1
------------------------------------------------------------------------------------

Upgrade Log for IP 'design_1_axis_array_ip_0_0'

1. Summary
----------

CAUTION (success, with warnings) in the conversion of design_1_axis_array_ip_0_0 (user.org:user:axis_array_ip:1.0 (Rev. 1)) to Vivado generation flows.

After upgrade, an IP may have parameter and port differences compared to the original customization. Please review the parameters within the IP customization GUI to ensure proper functionality. Also, please review the updated IP instantiation template to ensure proper connectivity, and update your design if required.

2. Connection Warnings
----------------------

Detected external port differences while upgrading 'design_1_axis_array_ip_0_0'. These changes may impact your design.


-Upgrade has added port 'debug_data'

-Upgrade has added port 'debug_state'







Copyright 1986-2017 Xilinx, Inc. All Rights Reserved.
------------------------------------------------------------------------------------
| Tool Version : Vivado v.2017.4 (lin64) Build 2086221 Fri Dec 15 20:54:30 MST 2017
| Date         : Fri Jun  8 17:00:29 2018
| Host         : helios running 64-bit Arch Linux
| Command      : upgrade_ip
| Device       : xc7z020clg400-1
------------------------------------------------------------------------------------

Upgrade Log for IP 'design_1_axis_array_ip_0_0'

1. Summary
----------

SUCCESS in the conversion of design_1_axis_array_ip_0_0 (user.org:user:axis_array_ip:1.0 (Rev. 1)) to Vivado generation flows.






Copyright 1986-2017 Xilinx, Inc. All Rights Reserved.
------------------------------------------------------------------------------------
| Tool Version : Vivado v.2017.4 (lin64) Build 2086221 Fri Dec 15 20:54:30 MST 2017
| Date         : Fri Jun  8 16:11:21 2018
| Host         : helios running 64-bit Arch Linux
| Command      : upgrade_ip
| Device       : xc7z020clg400-1
------------------------------------------------------------------------------------

Upgrade Log for IP 'design_1_axis_array_ip_0_0'

1. Summary
----------

SUCCESS in the conversion of design_1_axis_array_ip_0_0 (user.org:user:axis_array_ip:1.0 (Rev. 1)) to Vivado generation flows.






Copyright 1986-2017 Xilinx, Inc. All Rights Reserved.
------------------------------------------------------------------------------------
| Tool Version : Vivado v.2017.4 (lin64) Build 2086221 Fri Dec 15 20:54:30 MST 2017
| Date         : Thu Jun  7 10:23:09 2018
| Host         : helios running 64-bit Arch Linux
| Command      : upgrade_ip
| Device       : xc7z020clg400-1
------------------------------------------------------------------------------------

Upgrade Log for IP 'design_1_axis_array_ip_0_0'

1. Summary
----------

SUCCESS in the conversion of design_1_axis_array_ip_0_0 (user.org:user:axis_array_ip:1.0 (Rev. 1)) to Vivado generation flows.






Copyright 1986-2017 Xilinx, Inc. All Rights Reserved.
------------------------------------------------------------------------------------
| Tool Version : Vivado v.2017.4 (lin64) Build 2086221 Fri Dec 15 20:54:30 MST 2017
| Date         : Wed Jun  6 12:08:41 2018
| Host         : helios running 64-bit Arch Linux
| Command      : upgrade_ip
| Device       : xc7z020clg400-1
------------------------------------------------------------------------------------

Upgrade Log for IP 'design_1_axis_array_ip_0_0'

1. Summary
----------

SUCCESS in the conversion of design_1_axis_array_ip_0_0 (user.org:user:axis_array_ip:1.0 (Rev. 1)) to Vivado generation flows.






Copyright 1986-2017 Xilinx, Inc. All Rights Reserved.
------------------------------------------------------------------------------------
| Tool Version : Vivado v.2017.4 (lin64) Build 2086221 Fri Dec 15 20:54:30 MST 2017
| Date         : Wed Jun  6 10:45:59 2018
| Host         : helios running 64-bit Arch Linux
| Command      : upgrade_ip
| Device       : xc7z020clg400-1
------------------------------------------------------------------------------------

Upgrade Log for IP 'design_1_axis_array_ip_0_0'

1. Summary
----------

SUCCESS in the upgrade of design_1_axis_array_ip_0_0 (user.org:user:axis_array_ip:1.0) from (Rev. 2) to (Rev. 1)






Copyright 1986-2017 Xilinx, Inc. All Rights Reserved.
------------------------------------------------------------------------------------
| Tool Version : Vivado v.2017.4 (lin64) Build 2086221 Fri Dec 15 20:54:30 MST 2017
| Date         : Sat Jun  2 21:06:32 2018
| Host         : helios running 64-bit Arch Linux
| Command      : upgrade_ip
| Device       : xc7z020clg400-1
------------------------------------------------------------------------------------

Upgrade Log for IP 'design_1_axis_array_0_0'

1. Summary
----------

SUCCESS in the upgrade of design_1_axis_array_0_0 (user.org:user:axis_array:1.0) from (Rev. 15) to (Rev. 16)






Copyright 1986-2017 Xilinx, Inc. All Rights Reserved.
------------------------------------------------------------------------------------
| Tool Version : Vivado v.2017.4 (lin64) Build 2086221 Fri Dec 15 20:54:30 MST 2017
| Date         : Sat Jun  2 19:23:07 2018
| Host         : helios running 64-bit Arch Linux
| Command      : upgrade_ip
| Device       : xc7z020clg400-1
------------------------------------------------------------------------------------

Upgrade Log for IP 'design_1_axis_array_0_0'

1. Summary
----------

SUCCESS in the upgrade of design_1_axis_array_0_0 (user.org:user:axis_array:1.0) from (Rev. 14) to (Rev. 15)






Copyright 1986-2017 Xilinx, Inc. All Rights Reserved.
------------------------------------------------------------------------------------
| Tool Version : Vivado v.2017.4 (lin64) Build 2086221 Fri Dec 15 20:54:30 MST 2017
| Date         : Sat Jun  2 18:08:15 2018
| Host         : helios running 64-bit Arch Linux
| Command      : upgrade_ip
| Device       : xc7z020clg400-1
------------------------------------------------------------------------------------

Upgrade Log for IP 'design_1_axis_array_0_0'

1. Summary
----------

SUCCESS in the upgrade of design_1_axis_array_0_0 (user.org:user:axis_array:1.0) from (Rev. 13) to (Rev. 14)






Copyright 1986-2017 Xilinx, Inc. All Rights Reserved.
------------------------------------------------------------------------------------
| Tool Version : Vivado v.2017.4 (lin64) Build 2086221 Fri Dec 15 20:54:30 MST 2017
| Date         : Sat Jun  2 17:31:08 2018
| Host         : helios running 64-bit Arch Linux
| Command      : upgrade_ip
| Device       : xc7z020clg400-1
------------------------------------------------------------------------------------

Upgrade Log for IP 'design_1_axis_array_0_0'

1. Summary
----------

SUCCESS in the conversion of design_1_axis_array_0_0 (user.org:user:axis_array:1.0 (Rev. 13)) to Vivado generation flows.






Copyright 1986-2017 Xilinx, Inc. All Rights Reserved.
------------------------------------------------------------------------------------
| Tool Version : Vivado v.2017.4 (lin64) Build 2086221 Fri Dec 15 20:54:30 MST 2017
| Date         : Sat Jun  2 17:20:39 2018
| Host         : helios running 64-bit Arch Linux
| Command      : upgrade_ip
| Device       : xc7z020clg400-1
------------------------------------------------------------------------------------

Upgrade Log for IP 'design_1_axis_array_0_0'

1. Summary
----------

SUCCESS in the upgrade of design_1_axis_array_0_0 (user.org:user:axis_array:1.0) from (Rev. 12) to (Rev. 13)






Copyright 1986-2017 Xilinx, Inc. All Rights Reserved.
------------------------------------------------------------------------------------
| Tool Version : Vivado v.2017.4 (lin64) Build 2086221 Fri Dec 15 20:54:30 MST 2017
| Date         : Sat Jun  2 17:09:04 2018
| Host         : helios running 64-bit Arch Linux
| Command      : upgrade_ip
| Device       : xc7z020clg400-1
------------------------------------------------------------------------------------

Upgrade Log for IP 'design_1_axis_array_0_0'

1. Summary
----------

SUCCESS in the upgrade of design_1_axis_array_0_0 (user.org:user:axis_array:1.0) from (Rev. 11) to (Rev. 12)






Copyright 1986-2017 Xilinx, Inc. All Rights Reserved.
------------------------------------------------------------------------------------
| Tool Version : Vivado v.2017.4 (lin64) Build 2086221 Fri Dec 15 20:54:30 MST 2017
| Date         : Sat Jun  2 16:44:30 2018
| Host         : helios running 64-bit Arch Linux
| Command      : upgrade_ip
| Device       : xc7z020clg400-1
------------------------------------------------------------------------------------

Upgrade Log for IP 'design_1_axis_array_0_0'

1. Summary
----------

SUCCESS in the upgrade of design_1_axis_array_0_0 (user.org:user:axis_array:1.0) from (Rev. 10) to (Rev. 11)






Copyright 1986-2017 Xilinx, Inc. All Rights Reserved.
------------------------------------------------------------------------------------
| Tool Version : Vivado v.2017.4 (lin64) Build 2086221 Fri Dec 15 20:54:30 MST 2017
| Date         : Sat Jun  2 15:09:51 2018
| Host         : helios running 64-bit Arch Linux
| Command      : upgrade_ip
| Device       : xc7z020clg400-1
------------------------------------------------------------------------------------

Upgrade Log for IP 'design_1_axis_array_0_0'

1. Summary
----------

SUCCESS in the upgrade of design_1_axis_array_0_0 (user.org:user:axis_array:1.0) from (Rev. 8) to (Rev. 10)






Copyright 1986-2017 Xilinx, Inc. All Rights Reserved.
------------------------------------------------------------------------------------
| Tool Version : Vivado v.2017.4 (lin64) Build 2086221 Fri Dec 15 20:54:30 MST 2017
| Date         : Sat Jun  2 14:50:27 2018
| Host         : helios running 64-bit Arch Linux
| Command      : upgrade_ip
| Device       : xc7z020clg400-1
------------------------------------------------------------------------------------

Upgrade Log for IP 'design_1_axis_array_0_0'

1. Summary
----------

SUCCESS in the upgrade of design_1_axis_array_0_0 (user.org:user:axis_array:1.0) from (Rev. 6) to (Rev. 8)

